<?xml version="1.0" encoding="UTF-8"?>
<testng-results ignored="0" total="1" passed="1" failed="0" skipped="0">
  <reporter-output>
  </reporter-output>
  <suite started-at="2025-06-29T19:50:56 IST" name="Surefire suite" finished-at="2025-06-29T19:50:59 IST" duration-ms="3619">
    <groups>
    </groups>
    <test started-at="2025-06-29T19:50:56 IST" name="Surefire test" finished-at="2025-06-29T19:50:59 IST" duration-ms="3619">
      <class name="com.example.GmailTest">
        <test-method is-config="true" signature="setUp()[pri:0, instance:com.example.GmailTest@5ccddd20]" started-at="2025-06-29T19:50:56 IST" name="setUp" finished-at="2025-06-29T19:50:57 IST" duration-ms="1561" status="PASS">
          <reporter-output>
          </reporter-output>
        </test-method> <!-- setUp -->
        <test-method signature="openGmail()[pri:0, instance:com.example.GmailTest@5ccddd20]" started-at="2025-06-29T19:50:57 IST" name="openGmail" finished-at="2025-06-29T19:50:59 IST" duration-ms="1633" status="PASS">
          <reporter-output>
          </reporter-output>
        </test-method> <!-- openGmail -->
        <test-method is-config="true" signature="tearDown()[pri:0, instance:com.example.GmailTest@5ccddd20]" started-at="2025-06-29T19:50:59 IST" name="tearDown" finished-at="2025-06-29T19:50:59 IST" duration-ms="374" status="PASS">
          <reporter-output>
          </reporter-output>
        </test-method> <!-- tearDown -->
      </class> <!-- com.example.GmailTest -->
    </test> <!-- Surefire test -->
  </suite> <!-- Surefire suite -->
</testng-results>
