<?xml version="1.0" encoding="UTF-8"?>
<testng-results ignored="0" total="1" passed="1" failed="0" skipped="0">
  <reporter-output>
  </reporter-output>
  <suite started-at="2025-06-29T19:23:21 IST" name="GmailSuite" finished-at="2025-06-29T19:23:25 IST" duration-ms="3895">
    <groups>
    </groups>
    <test started-at="2025-06-29T19:23:21 IST" name="GmailTest" finished-at="2025-06-29T19:23:25 IST" duration-ms="3895">
      <class name="com.example.GmailTest">
        <test-method is-config="true" signature="setUp()[pri:0, instance:com.example.GmailTest@13b6aecc]" started-at="2025-06-29T19:23:21 IST" name="setUp" finished-at="2025-06-29T19:23:23 IST" duration-ms="1368" status="PASS">
          <reporter-output>
          </reporter-output>
        </test-method> <!-- setUp -->
        <test-method signature="openGmail()[pri:0, instance:com.example.GmailTest@13b6aecc]" started-at="2025-06-29T19:23:23 IST" name="openGmail" finished-at="2025-06-29T19:23:25 IST" duration-ms="2285" status="PASS">
          <reporter-output>
          </reporter-output>
        </test-method> <!-- openGmail -->
        <test-method is-config="true" signature="tearDown()[pri:0, instance:com.example.GmailTest@13b6aecc]" started-at="2025-06-29T19:23:25 IST" name="tearDown" finished-at="2025-06-29T19:23:25 IST" duration-ms="204" status="PASS">
          <reporter-output>
          </reporter-output>
        </test-method> <!-- tearDown -->
      </class> <!-- com.example.GmailTest -->
    </test> <!-- GmailTest -->
  </suite> <!-- GmailSuite -->
</testng-results>
